#
# A fatal error has been detected by the Java Runtime Environment:
#
#  EXCEPTION_ACCESS_VIOLATION (0xc0000005) at pc=0x6d8bd3a2, pid=3156, tid=1128
#
# JRE version: 6.0_26-b03
# Java VM: Java HotSpot(TM) Client VM (20.1-b02 mixed mode windows-x86 )
# Problematic frame:
# V  [jvm.dll+0x1d3a2]
#
# If you would like to submit a bug report, please visit:
#   http://java.sun.com/webapps/bugreport/crash.jsp
#

---------------  T H R E A D  ---------------

Current thread (0x16b64c00):  JavaThread "JDWP Transport Listener: dt_socket" daemon [_thread_in_vm, id=1128, stack(0x16e00000,0x16e50000)]

siginfo: ExceptionCode=0xc0000005, reading address 0x00000004

Registers:
EAX=0x00000000, EBX=0x16b64c00, ECX=0x00000000, EDX=0x00000000
ESP=0x16e4fc80, EBP=0x16e4fc84, ESI=0x00000010, EDI=0x02b7fa80
EIP=0x6d8bd3a2, EFLAGS=0x00010246

Top of Stack: (sp=0x16e4fc80)
0x16e4fc80:   16b64d28 16e4fcac 6d9333a2 02b7fa80
0x16e4fc90:   6d43e10c 16b64d28 6d43e124 16b64c00
0x16e4fca0:   00000000 16b64d28 16e4fe80 6d43e94c
0x16e4fcb0:   6d4262bd 16b64d28 170d64a8 00000000
0x16e4fcc0:   16e4fce4 16e4fe80 6d442b0a 16e4fe80
0x16e4fcd0:   170d64a8 16e4fe50 6d42ba32 16e4fe50
0x16e4fce0:   16e4fcf0 6d43e840 6d2b4014 6d442be0
0x16e4fcf0:   16e4fd20 0000012c 16e4fcfc 00000000 

Instructions: (pc=0x6d8bd3a2)
0x6d8bd382:   ec 8b 45 08 8b 0d 0c 27 b1 6d 8b 15 08 27 b1 6d
0x6d8bd392:   8b 0c 01 8b 14 02 56 8b 35 04 27 b1 6d 8b 04 06
0x6d8bd3a2:   8b 71 04 8b 76 0c 81 e6 00 ff 00 00 81 fe 00 05
0x6d8bd3b2:   00 00 5e 75 20 85 c0 75 0e 33 c9 50 51 e8 3c 48 


Register to memory mapping:

EAX=0x00000000 is an unknown value
EBX=0x16b64c00 is a thread
ECX=0x00000000 is an unknown value
EDX=0x00000000 is an unknown value
ESP=0x16e4fc80 is pointing into the stack for thread: 0x16b64c00
EBP=0x16e4fc84 is pointing into the stack for thread: 0x16b64c00
ESI=0x00000010 is an unknown value
EDI=
[error occurred during error reporting (printing register info), id 0xc0000005]

Stack: [0x16e00000,0x16e50000],  sp=0x16e4fc80,  free space=319k
Native frames: (J=compiled Java code, j=interpreted, Vv=VM code, C=native code)
V  [jvm.dll+0x1d3a2]
V  [jvm.dll+0x933a2]


---------------  P R O C E S S  ---------------

Java Threads: ( => current thread )
  0x170cc400 JavaThread "TimerQueue" daemon [_thread_blocked, id=2700, stack(0x17480000,0x174d0000)]
  0x003a7400 JavaThread "DestroyJavaVM" [_thread_blocked, id=4020, stack(0x008c0000,0x00910000)]
  0x17073400 JavaThread "AWT-EventQueue-0" [_thread_blocked, id=3944, stack(0x17390000,0x173e0000)]
  0x17041400 JavaThread "AWT-Windows" daemon [_thread_in_native, id=2040, stack(0x172c0000,0x17310000)]
  0x17040000 JavaThread "AWT-Shutdown" [_thread_blocked, id=2424, stack(0x17260000,0x172b0000)]
  0x1703ac00 JavaThread "Java2D Disposer" daemon [_thread_blocked, id=3076, stack(0x17210000,0x17260000)]
  0x16b73c00 JavaThread "Low Memory Detector" daemon [_thread_blocked, id=3364, stack(0x16f40000,0x16f90000)]
  0x16b71400 JavaThread "C1 CompilerThread0" daemon [_thread_blocked, id=2988, stack(0x16ef0000,0x16f40000)]
  0x16b69000 JavaThread "JDWP Command Reader" daemon [_thread_in_native, id=728, stack(0x16ea0000,0x16ef0000)]
  0x16b67400 JavaThread "JDWP Event Helper Thread" daemon [_thread_blocked, id=544, stack(0x16e50000,0x16ea0000)]
=>0x16b64c00 JavaThread "JDWP Transport Listener: dt_socket" daemon [_thread_in_vm, id=1128, stack(0x16e00000,0x16e50000)]
  0x16b59800 JavaThread "Attach Listener" daemon [_thread_blocked, id=1212, stack(0x16d10000,0x16d60000)]
  0x16b58400 JavaThread "Signal Dispatcher" daemon [_thread_blocked, id=576, stack(0x16cc0000,0x16d10000)]
  0x16b4a800 JavaThread "Finalizer" daemon [_thread_blocked, id=3828, stack(0x16c70000,0x16cc0000)]
  0x16b45c00 JavaThread "Reference Handler" daemon [_thread_blocked, id=4076, stack(0x16c20000,0x16c70000)]

Other Threads:
  0x16b42000 VMThread [stack: 0x16bd0000,0x16c20000] [id=2900]
  0x16b7e400 WatcherThread [stack: 0x16f90000,0x16fe0000] [id=3876]

VM state:not at safepoint (normal execution)

VM Mutex/Monitor currently owned by a thread: None

Heap
 def new generation   total 4928K, used 2022K [0x02990000, 0x02ee0000, 0x07ee0000)
  eden space 4416K,  45% used [0x02990000, 0x02b89a28, 0x02de0000)
  from space 512K,   0% used [0x02de0000, 0x02de0000, 0x02e60000)
  to   space 512K,   0% used [0x02e60000, 0x02e60000, 0x02ee0000)
 tenured generation   total 10944K, used 0K [0x07ee0000, 0x08990000, 0x12990000)
   the space 10944K,   0% used [0x07ee0000, 0x07ee0000, 0x07ee0200, 0x08990000)
 compacting perm gen  total 12288K, used 7120K [0x12990000, 0x13590000, 0x16990000)
   the space 12288K,  57% used [0x12990000, 0x13084188, 0x13084200, 0x13590000)
No shared spaces configured.

Code Cache  [0x00910000, 0x009a0000, 0x02910000)
 total_blobs=260 nmethods=74 adapters=130 free_code_cache=32969472 largest_free_block=0

Dynamic libraries:
0x00400000 - 0x00424000 	D:\Arquivos de programas\Java\jdk1.6.0_26\bin\javaw.exe
0x7c900000 - 0x7c9b6000 	D:\WINDOWS\system32\ntdll.dll
0x7c800000 - 0x7c900000 	D:\WINDOWS\system32\kernel32.dll
0x77f50000 - 0x77ffb000 	D:\WINDOWS\system32\ADVAPI32.dll
0x77db0000 - 0x77e43000 	D:\WINDOWS\system32\RPCRT4.dll
0x77f20000 - 0x77f31000 	D:\WINDOWS\system32\Secur32.dll
0x7e360000 - 0x7e3f1000 	D:\WINDOWS\system32\USER32.dll
0x77e50000 - 0x77e99000 	D:\WINDOWS\system32\GDI32.dll
0x76360000 - 0x7637d000 	D:\WINDOWS\system32\IMM32.DLL
0x7c340000 - 0x7c396000 	D:\Arquivos de programas\Java\jdk1.6.0_26\jre\bin\msvcr71.dll
0x6d8a0000 - 0x6db4f000 	D:\Arquivos de programas\Java\jdk1.6.0_26\jre\bin\client\jvm.dll
0x76b20000 - 0x76b4e000 	D:\WINDOWS\system32\WINMM.dll
0x6d850000 - 0x6d85c000 	D:\Arquivos de programas\Java\jdk1.6.0_26\jre\bin\verify.dll
0x6d3d0000 - 0x6d3ef000 	D:\Arquivos de programas\Java\jdk1.6.0_26\jre\bin\java.dll
0x76bd0000 - 0x76bdb000 	D:\WINDOWS\system32\PSAPI.DLL
0x6d420000 - 0x6d44a000 	D:\Arquivos de programas\Java\jdk1.6.0_26\jre\bin\jdwp.dll
0x6d740000 - 0x6d746000 	D:\Arquivos de programas\Java\jdk1.6.0_26\jre\bin\npt.dll
0x6d890000 - 0x6d89f000 	D:\Arquivos de programas\Java\jdk1.6.0_26\jre\bin\zip.dll
0x6d2b0000 - 0x6d2b7000 	D:\Arquivos de programas\Java\jdk1.6.0_26\jre\bin\dt_socket.dll
0x71a70000 - 0x71a87000 	D:\WINDOWS\system32\WS2_32.dll
0x77bf0000 - 0x77c48000 	D:\WINDOWS\system32\msvcrt.dll
0x71a60000 - 0x71a68000 	D:\WINDOWS\system32\WS2HELP.dll
0x71a10000 - 0x71a50000 	D:\WINDOWS\System32\mswsock.dll
0x76f00000 - 0x76f27000 	D:\WINDOWS\system32\DNSAPI.dll
0x76d40000 - 0x76d59000 	D:\WINDOWS\system32\iphlpapi.dll
0x76f90000 - 0x76f98000 	D:\WINDOWS\System32\winrnr.dll
0x76f40000 - 0x76f6d000 	D:\WINDOWS\system32\WLDAP32.dll
0x76fa0000 - 0x76fa6000 	D:\WINDOWS\system32\rasadhlp.dll
0x60b30000 - 0x60b88000 	D:\WINDOWS\system32\hnetcfg.dll
0x71a50000 - 0x71a58000 	D:\WINDOWS\System32\wshtcpip.dll
0x6d0b0000 - 0x6d1fb000 	D:\Arquivos de programas\Java\jdk1.6.0_26\jre\bin\awt.dll
0x72fb0000 - 0x72fd6000 	D:\WINDOWS\system32\WINSPOOL.DRV
0x774c0000 - 0x775fe000 	D:\WINDOWS\system32\ole32.dll
0x773b0000 - 0x774b3000 	D:\WINDOWS\WinSxS\x86_Microsoft.Windows.Common-Controls_6595b64144ccf1df_6.0.2600.6028_x-ww_61e65202\COMCTL32.dll
0x77ea0000 - 0x77f16000 	D:\WINDOWS\system32\SHLWAPI.dll
0x5d510000 - 0x5d5aa000 	D:\WINDOWS\system32\comctl32.dll
0x6d2e0000 - 0x6d32f000 	D:\Arquivos de programas\Java\jdk1.6.0_26\jre\bin\fontmanager.dll
0x746e0000 - 0x7472c000 	D:\WINDOWS\system32\MSCTF.dll
0x17360000 - 0x17370000 	D:\WINDOWS\system32\LSKHOOK.DLL
0x75290000 - 0x752be000 	D:\WINDOWS\system32\msctfime.ime
0x7c9c0000 - 0x7d1de000 	D:\WINDOWS\system32\shell32.dll
0x6d6b0000 - 0x6d6c3000 	D:\Arquivos de programas\Java\jdk1.6.0_26\jre\bin\net.dll
0x6d6d0000 - 0x6d6d9000 	D:\Arquivos de programas\Java\jdk1.6.0_26\jre\bin\nio.dll
0x77100000 - 0x7718b000 	D:\WINDOWS\system32\OLEAUT32.DLL

VM Arguments:
jvm_args: -agentlib:jdwp=transport=dt_socket,suspend=y,address=localhost:1421 -Dfile.encoding=Cp1252 
java_command: main.Main
Launcher Type: SUN_STANDARD

Environment Variables:
PATH=D:\Arquivos de programas\Java\jdk1.6.0_26\jre\bin;d:\Oracle\Ora10g\jre\1.4.2\bin\client;d:\Oracle\Ora10g\jre\1.4.2\bin;d:\Oracle\Ora10g\bin;D:\Arquivos de programas\Rockwell Software\RSCommon;D:\Arquivos de programas\Borland\Delphi7\Bin;D:\Arquivos de programas\Borland\Delphi7\Projects\Bpl\;D:\WINDOWS\system32;D:\WINDOWS;D:\WINDOWS\System32\Wbem;D:\Arquivos de programas\Arquivos comuns\Adobe\AGL;D:\Arquivos de programas\Microchip\MPLAB IDE\VDI;D:\Arquivos de programas\Rational\common;D:\ARQUIV~1\ARQUIV~1\AUTODE~1;D:\Arquivos de programas\Microsoft SQL Server\100\Tools\Binn\;D:\Arquivos de programas\Microsoft SQL Server\100\DTS\Binn\;D:\Arquivos de programas\Microsoft SQL Server\100\Tools\Binn\VSShell\Common7\IDE\;D:\Arquivos de programas\Microsoft Visual Studio 9.0\Common7\IDE\PrivateAssemblies\;D:\WINDOWS\system32\WindowsPowerShell\v1.0;D:\ARQUIV~1\PICC;D:\Arquivos de programas\Arquivos comuns\Autodesk Shared\
USERNAME=Cesumar
OS=Windows_NT
PROCESSOR_IDENTIFIER=x86 Family 6 Model 42 Stepping 7, GenuineIntel



---------------  S Y S T E M  ---------------

OS: Windows XP Build 2600 Service Pack 3

CPU:total 4 (4 cores per cpu, 1 threads per core) family 6 model 42 stepping 7, cmov, cx8, fxsr, mmx, sse, sse2, sse3, ssse3, sse4.1, sse4.2, popcnt

Memory: 4k page, physical 3587308k(2813044k free), swap 5514992k(4992064k free)

vm_info: Java HotSpot(TM) Client VM (20.1-b02) for windows-x86 JRE (1.6.0_26-b03), built on May  4 2011 00:50:59 by "java_re" with MS VC++ 7.1 (VS2003)

time: Fri Nov 23 20:32:49 2012
elapsed time: 5 seconds

